<?xml version="1.0" encoding="UTF-8"?>
<!-- Generated by org.testng.reporters.JUnitReportReporter -->
<testsuite hostname="PRINHYLTPAP0894.local" name="com.pramati.selenium.tests.Tests" tests="1" failures="0" timestamp="25 Feb 2019 13:03:50 GMT" time="6.820" errors="0">
  <testcase name="testCase1" time="6.820" classname="com.pramati.selenium.tests.Tests"/>
</testsuite> <!-- com.pramati.selenium.tests.Tests -->
