<?xml version="1.0" encoding="UTF-8"?>
<!-- Generated by org.testng.reporters.JUnitReportReporter -->
<testsuite hostname="PRINHYLTPAP0894.local" name="com.pramati.selenium.tests.Tests" tests="1" failures="0" timestamp="4 Mar 2019 10:27:20 GMT" time="22.876" errors="0">
  <testcase name="testCase1" time="22.876" classname="com.pramati.selenium.tests.Tests"/>
</testsuite> <!-- com.pramati.selenium.tests.Tests -->
