<?xml version="1.0" encoding="UTF-8"?>
<!-- Generated by org.testng.reporters.JUnitReportReporter -->
<testsuite hostname="PRINHYLTPAP0894.local" name="com.pramati.selenium.tests.Tests" tests="1" failures="0" timestamp="27 Feb 2019 04:59:05 GMT" time="8.361" errors="0">
  <testcase name="testCase1" time="8.361" classname="com.pramati.selenium.tests.Tests"/>
</testsuite> <!-- com.pramati.selenium.tests.Tests -->
